   ▲ Next.js 15.1.5
   - Environments: .env.local

   Creating an optimized production build ...
 ✓ Compiled successfully
   Linting and checking validity of types ...

./src/components/sidebar/workspaces-switcher.tsx
39:6  Warning: React Hook React.useEffect has missing dependencies: 'isMobile' and 'toggleSidebar'. Either include them or remove the dependency array.  react-hooks/exhaustive-deps

./src/features/projects/_components/edit-project-form.tsx
60:6  Warning: React Hook useEffect has a missing dependency: 'form'. Either include it or remove the dependency array.  react-hooks/exhaustive-deps

./src/features/tasks/_components/core/create-task-form.tsx
74:6  Warning: React Hook useEffect has a missing dependency: 'form'. Either include it or remove the dependency array.  react-hooks/exhaustive-deps

./src/features/tasks/_components/core/edit-task-form.tsx
67:6  Warning: React Hook useEffect has a missing dependency: 'form'. Either include it or remove the dependency array.  react-hooks/exhaustive-deps

./src/features/workspaces/_components/edit-workspace-form.tsx
73:6  Warning: React Hook useEffect has a missing dependency: 'form'. Either include it or remove the dependency array.  react-hooks/exhaustive-deps

info  - Need to disable some ESLint rules? Learn more here: https://nextjs.org/docs/app/api-reference/config/eslint#disabling-rules
   Collecting page data ...
   Generating static pages (0/8) ...
error
error
error
error
   Generating static pages (2/8) 
   Generating static pages (4/8) 
   Generating static pages (6/8) 
 ✓ Generating static pages (8/8)
   Finalizing page optimization ...
   Collecting build traces ...

Route (app)                                                  Size     First Load JS
┌ ƒ /                                                        155 B           106 kB
├ ○ /_not-found                                              992 B           107 kB
├ ƒ /api/[[...route]]                                        155 B           106 kB
├ ƒ /join/[inviteCode]                                       3.24 kB         148 kB
├ ƒ /sign-in                                                 3.11 kB         159 kB
├ ƒ /sign-up                                                 3.17 kB         159 kB
├ ƒ /workspaces/[workspaceId]                                6.11 kB         202 kB
├ ƒ /workspaces/[workspaceId]/members                        5.52 kB         183 kB
├ ƒ /workspaces/[workspaceId]/projects/[projectId]           1.93 kB         340 kB
├ ƒ /workspaces/[workspaceId]/projects/[projectId]/settings  5.85 kB         192 kB
├ ƒ /workspaces/[workspaceId]/settings                       6.26 kB         192 kB
├ ƒ /workspaces/[workspaceId]/tasks                          785 B           334 kB
├ ƒ /workspaces/[workspaceId]/tasks/[taskId]                 4.67 kB         206 kB
└ ƒ /workspaces/create                                       5.31 kB         163 kB
+ First Load JS shared by all                                106 kB
  ├ chunks/1517-ed7282456ed3780e.js                          50.7 kB
  ├ chunks/4bd1b696-65b1218785c758bb.js                      53 kB
  └ other shared chunks (total)                              1.97 kB


○  (Static)   prerendered as static content
ƒ  (Dynamic)  server-rendered on demand

